 02 Dec 2017 20:52:35,960  INFO [main] - SQLDriver 44 - Connecting to database .... 
 02 Dec 2017 20:52:36,154  INFO [main] - SQLDriver 48 - Connection is successful
 02 Dec 2017 20:52:36,158  INFO [main] - SQLConnection 35 - Creating Statement ...
 02 Dec 2017 20:52:36,159  INFO [main] - SQLConnection 42 - Statement is created successfully
 02 Dec 2017 20:52:36,193  INFO [main] - SQLStatement 227 - Executing SQL Query .... 
 02 Dec 2017 20:52:36,217  INFO [main] - SQLStatement 275 - Create database mydb1 Executed successfully
 02 Dec 2017 20:52:36,218  INFO [main] - SQLStatement 57 - Executing query ...
 02 Dec 2017 20:52:36,265 ERROR [main] - SQLStatement 71 - Failed to execute : Table does not exist
Select name1 from mytable where age = 5
 03 Dec 2017 23:09:44,985  INFO [AWT-EventQueue-0] - SQLDriver 44 - Connecting to database .... 
 03 Dec 2017 23:09:45,036  INFO [AWT-EventQueue-0] - SQLDriver 48 - Connection is successful
 03 Dec 2017 23:09:45,076  INFO [AWT-EventQueue-0] - SQLConnection 35 - Creating Statement ...
 03 Dec 2017 23:09:45,076  INFO [AWT-EventQueue-0] - SQLConnection 42 - Statement is created successfully
 03 Dec 2017 23:09:45,206  INFO [AWT-EventQueue-0] - SQLStatement 290 - Executing SQL Query .... 
 03 Dec 2017 23:09:45,226  INFO [AWT-EventQueue-0] - SQLStatement 330 - Create database mydb Executed successfully
 03 Dec 2017 23:09:45,226  INFO [AWT-EventQueue-0] - SQLStatement 290 - Executing SQL Query .... 
 03 Dec 2017 23:09:45,226  INFO [AWT-EventQueue-0] - SQLStatement 330 - create database mydb Executed successfully
 04 Dec 2017 02:55:39,690  INFO [AWT-EventQueue-0] - SQLDriver 44 - Connecting to database .... 
 04 Dec 2017 02:55:39,781  INFO [AWT-EventQueue-0] - SQLDriver 48 - Connection is successful
 04 Dec 2017 02:55:39,781  INFO [AWT-EventQueue-0] - SQLConnection 35 - Creating Statement ...
 04 Dec 2017 02:55:39,781  INFO [AWT-EventQueue-0] - SQLConnection 42 - Statement is created successfully
 04 Dec 2017 02:55:40,061  INFO [AWT-EventQueue-0] - SQLStatement 290 - Executing SQL Query .... 
 04 Dec 2017 02:55:40,111  INFO [AWT-EventQueue-0] - SQLStatement 330 - Create database mydb Executed successfully
 04 Dec 2017 02:56:15,878  INFO [AWT-EventQueue-0] - SQLDriver 44 - Connecting to database .... 
 04 Dec 2017 02:56:15,888  INFO [AWT-EventQueue-0] - SQLDriver 48 - Connection is successful
 04 Dec 2017 02:56:15,888  INFO [AWT-EventQueue-0] - SQLConnection 35 - Creating Statement ...
 04 Dec 2017 02:56:15,888  INFO [AWT-EventQueue-0] - SQLConnection 42 - Statement is created successfully
 04 Dec 2017 02:56:15,908  INFO [AWT-EventQueue-0] - SQLStatement 290 - Executing SQL Query .... 
 04 Dec 2017 02:56:15,908  INFO [AWT-EventQueue-0] - SQLStatement 330 - Create database vtrrt Executed successfully
 04 Dec 2017 02:59:17,249  INFO [AWT-EventQueue-0] - SQLDriver 44 - Connecting to database .... 
 04 Dec 2017 02:59:17,259  INFO [AWT-EventQueue-0] - SQLDriver 48 - Connection is successful
 04 Dec 2017 02:59:17,259  INFO [AWT-EventQueue-0] - SQLConnection 35 - Creating Statement ...
 04 Dec 2017 02:59:17,259  INFO [AWT-EventQueue-0] - SQLConnection 42 - Statement is created successfully
 04 Dec 2017 02:59:17,279  INFO [AWT-EventQueue-0] - SQLStatement 290 - Executing SQL Query .... 
 04 Dec 2017 02:59:17,279  INFO [AWT-EventQueue-0] - SQLStatement 330 - Create database mydb Executed successfully
 04 Dec 2017 03:01:37,652  INFO [AWT-EventQueue-0] - SQLDriver 44 - Connecting to database .... 
 04 Dec 2017 03:01:37,662  INFO [AWT-EventQueue-0] - SQLDriver 48 - Connection is successful
 04 Dec 2017 03:01:37,662  INFO [AWT-EventQueue-0] - SQLConnection 35 - Creating Statement ...
 04 Dec 2017 03:01:37,672  INFO [AWT-EventQueue-0] - SQLConnection 42 - Statement is created successfully
 04 Dec 2017 03:01:37,682  INFO [AWT-EventQueue-0] - SQLStatement 290 - Executing SQL Query .... 
 04 Dec 2017 03:01:37,693  INFO [AWT-EventQueue-0] - SQLStatement 330 - Create database mydb Executed successfully
 04 Dec 2017 03:28:05,190  INFO [AWT-EventQueue-0] - SQLDriver 44 - Connecting to database .... 
 04 Dec 2017 03:28:05,211  INFO [AWT-EventQueue-0] - SQLDriver 48 - Connection is successful
 04 Dec 2017 03:28:05,215  INFO [AWT-EventQueue-0] - SQLConnection 35 - Creating Statement ...
 04 Dec 2017 03:28:05,216  INFO [AWT-EventQueue-0] - SQLConnection 42 - Statement is created successfully
 04 Dec 2017 03:28:05,232  INFO [AWT-EventQueue-0] - SQLStatement 290 - Executing SQL Query .... 
 04 Dec 2017 03:28:05,238  INFO [AWT-EventQueue-0] - SQLStatement 330 - Create database mydb Executed successfully
 04 Dec 2017 03:30:15,947  INFO [AWT-EventQueue-0] - SQLDriver 44 - Connecting to database .... 
 04 Dec 2017 03:30:15,954  INFO [AWT-EventQueue-0] - SQLDriver 48 - Connection is successful
 04 Dec 2017 03:30:15,958  INFO [AWT-EventQueue-0] - SQLConnection 35 - Creating Statement ...
 04 Dec 2017 03:30:15,959  INFO [AWT-EventQueue-0] - SQLConnection 42 - Statement is created successfully
 04 Dec 2017 03:30:15,975  INFO [AWT-EventQueue-0] - SQLStatement 290 - Executing SQL Query .... 
 04 Dec 2017 03:30:15,981  INFO [AWT-EventQueue-0] - SQLStatement 330 - Create database mydb Executed successfully
 04 Dec 2017 03:30:55,235  INFO [AWT-EventQueue-0] - SQLStatement 249 - Adding Batch .... 
 04 Dec 2017 03:30:55,236  INFO [AWT-EventQueue-0] - SQLStatement 264 - Batch added Successfully
 04 Dec 2017 03:31:00,585  INFO [AWT-EventQueue-0] - SQLStatement 369 - Executing batch...
 04 Dec 2017 03:31:00,638 ERROR [AWT-EventQueue-0] - SQLStatement 387 - Failed to execute : SQL Syntax Error 
Insert into mytable value (alaa, 5)
 04 Dec 2017 03:31:52,010  INFO [AWT-EventQueue-0] - SQLDriver 44 - Connecting to database .... 
 04 Dec 2017 03:31:52,016  INFO [AWT-EventQueue-0] - SQLDriver 48 - Connection is successful
 04 Dec 2017 03:31:52,021  INFO [AWT-EventQueue-0] - SQLConnection 35 - Creating Statement ...
 04 Dec 2017 03:31:52,022  INFO [AWT-EventQueue-0] - SQLConnection 42 - Statement is created successfully
 04 Dec 2017 03:31:52,037  INFO [AWT-EventQueue-0] - SQLStatement 290 - Executing SQL Query .... 
 04 Dec 2017 03:31:52,043  INFO [AWT-EventQueue-0] - SQLStatement 330 - Create database mydb Executed successfully
 04 Dec 2017 03:32:10,854  INFO [AWT-EventQueue-0] - SQLStatement 369 - Executing batch...
 04 Dec 2017 03:32:10,855  INFO [AWT-EventQueue-0] - SQLStatement 426 - Batch executed successfully
 04 Dec 2017 03:32:30,453  INFO [AWT-EventQueue-0] - SQLStatement 271 - Clearing Batch .... 
 04 Dec 2017 03:32:30,454  INFO [AWT-EventQueue-0] - SQLStatement 284 - Batch is cleared Successfully
 04 Dec 2017 03:32:32,403  INFO [AWT-EventQueue-0] - SQLStatement 249 - Adding Batch .... 
 04 Dec 2017 03:32:32,404  INFO [AWT-EventQueue-0] - SQLStatement 264 - Batch added Successfully
 04 Dec 2017 03:32:34,342  INFO [AWT-EventQueue-0] - SQLStatement 369 - Executing batch...
 04 Dec 2017 03:32:34,347 ERROR [AWT-EventQueue-0] - SQLStatement 387 - Failed to execute : SQL Syntax Error 
Insert into mytable value (alaa, 5)
 04 Dec 2017 03:42:37,931  INFO [AWT-EventQueue-0] - SQLDriver 44 - Connecting to database .... 
 04 Dec 2017 03:42:37,938  INFO [AWT-EventQueue-0] - SQLDriver 48 - Connection is successful
 04 Dec 2017 03:42:37,942  INFO [AWT-EventQueue-0] - SQLConnection 35 - Creating Statement ...
 04 Dec 2017 03:42:37,943  INFO [AWT-EventQueue-0] - SQLConnection 42 - Statement is created successfully
 04 Dec 2017 03:42:37,958  INFO [AWT-EventQueue-0] - SQLStatement 290 - Executing SQL Query .... 
 04 Dec 2017 03:42:37,964  INFO [AWT-EventQueue-0] - SQLStatement 330 - Create database mydb Executed successfully
 04 Dec 2017 03:42:40,763  INFO [AWT-EventQueue-0] - SQLStatement 249 - Adding Batch .... 
 04 Dec 2017 03:42:40,764  INFO [AWT-EventQueue-0] - SQLStatement 264 - Batch added Successfully
 04 Dec 2017 03:45:08,366  INFO [AWT-EventQueue-0] - SQLDriver 44 - Connecting to database .... 
 04 Dec 2017 03:45:08,373  INFO [AWT-EventQueue-0] - SQLDriver 48 - Connection is successful
 04 Dec 2017 03:45:08,377  INFO [AWT-EventQueue-0] - SQLConnection 35 - Creating Statement ...
 04 Dec 2017 03:45:08,378  INFO [AWT-EventQueue-0] - SQLConnection 42 - Statement is created successfully
 04 Dec 2017 03:45:08,394  INFO [AWT-EventQueue-0] - SQLStatement 290 - Executing SQL Query .... 
 04 Dec 2017 03:45:08,400  INFO [AWT-EventQueue-0] - SQLStatement 330 - Create database mydb Executed successfully
 04 Dec 2017 03:45:11,914  INFO [AWT-EventQueue-0] - SQLStatement 271 - Clearing Batch .... 
 04 Dec 2017 03:45:11,915  INFO [AWT-EventQueue-0] - SQLStatement 284 - Batch is cleared Successfully
 04 Dec 2017 03:45:15,656  INFO [AWT-EventQueue-0] - SQLStatement 369 - Executing batch...
 04 Dec 2017 03:45:15,657  INFO [AWT-EventQueue-0] - SQLStatement 426 - Batch executed successfully
 04 Dec 2017 03:45:16,723  INFO [AWT-EventQueue-0] - SQLStatement 369 - Executing batch...
 04 Dec 2017 03:45:16,724  INFO [AWT-EventQueue-0] - SQLStatement 426 - Batch executed successfully
 04 Dec 2017 03:45:17,091  INFO [AWT-EventQueue-0] - SQLStatement 369 - Executing batch...
 04 Dec 2017 03:45:17,092  INFO [AWT-EventQueue-0] - SQLStatement 426 - Batch executed successfully
 04 Dec 2017 03:45:17,299  INFO [AWT-EventQueue-0] - SQLStatement 369 - Executing batch...
 04 Dec 2017 03:45:17,300  INFO [AWT-EventQueue-0] - SQLStatement 426 - Batch executed successfully
 04 Dec 2017 03:45:17,496  INFO [AWT-EventQueue-0] - SQLStatement 369 - Executing batch...
 04 Dec 2017 03:45:17,497  INFO [AWT-EventQueue-0] - SQLStatement 426 - Batch executed successfully
 04 Dec 2017 03:45:17,680  INFO [AWT-EventQueue-0] - SQLStatement 369 - Executing batch...
 04 Dec 2017 03:45:17,684  INFO [AWT-EventQueue-0] - SQLStatement 426 - Batch executed successfully
 04 Dec 2017 03:45:18,060  INFO [AWT-EventQueue-0] - SQLStatement 369 - Executing batch...
 04 Dec 2017 03:45:18,061  INFO [AWT-EventQueue-0] - SQLStatement 426 - Batch executed successfully
 04 Dec 2017 03:45:18,282  INFO [AWT-EventQueue-0] - SQLStatement 369 - Executing batch...
 04 Dec 2017 03:45:18,283  INFO [AWT-EventQueue-0] - SQLStatement 426 - Batch executed successfully
 04 Dec 2017 03:45:18,479  INFO [AWT-EventQueue-0] - SQLStatement 369 - Executing batch...
 04 Dec 2017 03:45:18,480  INFO [AWT-EventQueue-0] - SQLStatement 426 - Batch executed successfully
 04 Dec 2017 03:45:18,895  INFO [AWT-EventQueue-0] - SQLStatement 369 - Executing batch...
 04 Dec 2017 03:45:18,896  INFO [AWT-EventQueue-0] - SQLStatement 426 - Batch executed successfully
 04 Dec 2017 03:45:19,398  INFO [AWT-EventQueue-0] - SQLStatement 369 - Executing batch...
 04 Dec 2017 03:45:19,399  INFO [AWT-EventQueue-0] - SQLStatement 426 - Batch executed successfully
 04 Dec 2017 03:45:19,935  INFO [AWT-EventQueue-0] - SQLStatement 369 - Executing batch...
 04 Dec 2017 03:45:19,936  INFO [AWT-EventQueue-0] - SQLStatement 426 - Batch executed successfully
 04 Dec 2017 03:48:39,544  INFO [AWT-EventQueue-0] - SQLDriver 44 - Connecting to database .... 
 04 Dec 2017 03:48:39,550  INFO [AWT-EventQueue-0] - SQLDriver 48 - Connection is successful
 04 Dec 2017 03:48:39,554  INFO [AWT-EventQueue-0] - SQLConnection 35 - Creating Statement ...
 04 Dec 2017 03:48:39,555  INFO [AWT-EventQueue-0] - SQLConnection 42 - Statement is created successfully
 04 Dec 2017 03:48:39,570  INFO [AWT-EventQueue-0] - SQLStatement 290 - Executing SQL Query .... 
 04 Dec 2017 03:48:39,576  INFO [AWT-EventQueue-0] - SQLStatement 330 - Create database mydb Executed successfully
 04 Dec 2017 03:48:41,337  INFO [AWT-EventQueue-0] - SQLStatement 369 - Executing batch...
 04 Dec 2017 03:48:41,338 ERROR [AWT-EventQueue-0] - SQLStatement 381 - Failed to execute Batch : Batch is empty
 04 Dec 2017 03:48:54,581  INFO [AWT-EventQueue-0] - SQLStatement 179 - Executing Statement Closure.... 
 04 Dec 2017 03:48:54,582  INFO [AWT-EventQueue-0] - SQLStatement 203 - Statement is closed Successfully
 04 Dec 2017 03:51:02,028  INFO [AWT-EventQueue-0] - SQLDriver 44 - Connecting to database .... 
 04 Dec 2017 03:51:02,035  INFO [AWT-EventQueue-0] - SQLDriver 48 - Connection is successful
 04 Dec 2017 03:51:02,039  INFO [AWT-EventQueue-0] - SQLConnection 35 - Creating Statement ...
 04 Dec 2017 03:51:02,041  INFO [AWT-EventQueue-0] - SQLConnection 42 - Statement is created successfully
 04 Dec 2017 03:51:02,055  INFO [AWT-EventQueue-0] - SQLStatement 290 - Executing SQL Query .... 
 04 Dec 2017 03:51:02,061  INFO [AWT-EventQueue-0] - SQLStatement 330 - Create database mydb Executed successfully
 04 Dec 2017 04:15:33,334  INFO [AWT-EventQueue-0] - SQLDriver 44 - Connecting to database .... 
 04 Dec 2017 04:15:33,373  INFO [AWT-EventQueue-0] - SQLDriver 48 - Connection is successful
 04 Dec 2017 04:15:33,377  INFO [AWT-EventQueue-0] - SQLConnection 35 - Creating Statement ...
 04 Dec 2017 04:15:33,378  INFO [AWT-EventQueue-0] - SQLConnection 42 - Statement is created successfully
 04 Dec 2017 04:15:33,395  INFO [AWT-EventQueue-0] - SQLStatement 290 - Executing SQL Query .... 
 04 Dec 2017 04:15:33,401  INFO [AWT-EventQueue-0] - SQLStatement 330 - Create database mydb Executed successfully
 04 Dec 2017 04:16:04,634  INFO [AWT-EventQueue-0] - SQLDriver 44 - Connecting to database .... 
 04 Dec 2017 04:16:04,640  INFO [AWT-EventQueue-0] - SQLDriver 48 - Connection is successful
 04 Dec 2017 04:16:04,645  INFO [AWT-EventQueue-0] - SQLConnection 35 - Creating Statement ...
 04 Dec 2017 04:16:04,646  INFO [AWT-EventQueue-0] - SQLConnection 42 - Statement is created successfully
 04 Dec 2017 04:16:04,661  INFO [AWT-EventQueue-0] - SQLStatement 290 - Executing SQL Query .... 
 04 Dec 2017 04:16:04,667  INFO [AWT-EventQueue-0] - SQLStatement 330 - Create database mydb Executed successfully
 04 Dec 2017 04:16:35,006  INFO [AWT-EventQueue-0] - SQLStatement 290 - Executing SQL Query .... 
 04 Dec 2017 04:16:35,170  INFO [AWT-EventQueue-0] - SQLStatement 330 - Create table mytable (name1 varchar, age int) Executed successfully
 04 Dec 2017 04:16:39,760  INFO [AWT-EventQueue-0] - SQLStatement 228 - Setting query TimeOut ..... 
 04 Dec 2017 04:16:39,761  INFO [AWT-EventQueue-0] - SQLStatement 243 - TimeOut is set Successful
 04 Dec 2017 04:16:47,302  INFO [AWT-EventQueue-0] - SQLStatement 179 - Executing Statement Closure.... 
 04 Dec 2017 04:16:47,303  INFO [AWT-EventQueue-0] - SQLStatement 203 - Statement is closed Successfully
 04 Dec 2017 04:23:19,309  INFO [AWT-EventQueue-0] - SQLDriver 44 - Connecting to database .... 
 04 Dec 2017 04:23:19,378  INFO [AWT-EventQueue-0] - SQLDriver 48 - Connection is successful
 04 Dec 2017 04:23:19,382  INFO [AWT-EventQueue-0] - SQLConnection 35 - Creating Statement ...
 04 Dec 2017 04:23:19,383  INFO [AWT-EventQueue-0] - SQLConnection 42 - Statement is created successfully
 04 Dec 2017 04:23:19,399  INFO [AWT-EventQueue-0] - SQLStatement 290 - Executing SQL Query .... 
 04 Dec 2017 04:23:19,405  INFO [AWT-EventQueue-0] - SQLStatement 330 - Create database mydb Executed successfully
 04 Dec 2017 05:17:26,981  INFO [AWT-EventQueue-0] - SQLDriver 44 - Connecting to database .... 
 04 Dec 2017 05:17:27,042  INFO [AWT-EventQueue-0] - SQLDriver 48 - Connection is successful
 04 Dec 2017 05:17:27,042  INFO [AWT-EventQueue-0] - SQLConnection 35 - Creating Statement ...
 04 Dec 2017 05:17:27,042  INFO [AWT-EventQueue-0] - SQLConnection 42 - Statement is created successfully
 04 Dec 2017 05:17:27,072  INFO [AWT-EventQueue-0] - SQLStatement 302 - Executing SQL Query .... 
 04 Dec 2017 05:17:27,082  INFO [AWT-EventQueue-0] - SQLStatement 342 - Create database mydb Executed successfully
 04 Dec 2017 05:18:08,840  INFO [AWT-EventQueue-0] - SQLDriver 44 - Connecting to database .... 
 04 Dec 2017 05:18:08,871  INFO [AWT-EventQueue-0] - SQLDriver 48 - Connection is successful
 04 Dec 2017 05:18:08,871  INFO [AWT-EventQueue-0] - SQLConnection 35 - Creating Statement ...
 04 Dec 2017 05:18:08,881  INFO [AWT-EventQueue-0] - SQLConnection 42 - Statement is created successfully
 04 Dec 2017 05:18:08,891  INFO [AWT-EventQueue-0] - SQLStatement 302 - Executing SQL Query .... 
 04 Dec 2017 05:18:08,901  INFO [AWT-EventQueue-0] - SQLStatement 342 - Create database mydb Executed successfully
 04 Dec 2017 05:18:57,751  INFO [AWT-EventQueue-0] - SQLStatement 283 - Clearing Batch .... 
 04 Dec 2017 05:18:57,761  INFO [AWT-EventQueue-0] - SQLStatement 296 - Batch is cleared Successfully
 04 Dec 2017 06:11:57,207  INFO [AWT-EventQueue-0] - SQLDriver 44 - Connecting to database .... 
 04 Dec 2017 06:11:57,243  INFO [AWT-EventQueue-0] - SQLDriver 48 - Connection is successful
 04 Dec 2017 06:11:57,247  INFO [AWT-EventQueue-0] - SQLConnection 35 - Creating Statement ...
 04 Dec 2017 06:11:57,248  INFO [AWT-EventQueue-0] - SQLConnection 42 - Statement is created successfully
 04 Dec 2017 06:11:57,288  INFO [AWT-EventQueue-0] - SQLStatement 293 - Executing SQL Query .... 
 04 Dec 2017 06:11:57,300  INFO [AWT-EventQueue-0] - SQLStatement 333 - Create database mydb Executed successfully
 04 Dec 2017 06:12:21,223  INFO [AWT-EventQueue-0] - SQLStatement 293 - Executing SQL Query .... 
 04 Dec 2017 06:12:21,426  INFO [AWT-EventQueue-0] - SQLStatement 333 - Create table mytable (name1 varchar, age int) Executed successfully
 04 Dec 2017 06:12:36,234  INFO [AWT-EventQueue-0] - SQLStatement 123 - Executing Update query ...
 04 Dec 2017 06:12:36,239  INFO [AWT-EventQueue-0] - SQLStatement 144 - Table updated successfully
 04 Dec 2017 06:12:48,219  INFO [AWT-EventQueue-0] - SQLStatement 67 - Executing query ...
 04 Dec 2017 06:12:48,270 ERROR [AWT-EventQueue-0] - SQLStatement 82 - Failed to execute : Table does not exist
Select * from table
 04 Dec 2017 06:13:00,648  INFO [AWT-EventQueue-0] - SQLStatement 123 - Executing Update query ...
 04 Dec 2017 06:13:00,650 ERROR [AWT-EventQueue-0] - SQLStatement 141 - Failed to execute : SQL Syntax Error 
select * frommytable
 04 Dec 2017 06:13:12,400  INFO [AWT-EventQueue-0] - SQLStatement 67 - Executing query ...
 04 Dec 2017 06:13:12,405  INFO [AWT-EventQueue-0] - SQLStatement 85 - Select is successful
 04 Dec 2017 06:14:12,927  INFO [AWT-EventQueue-0] - SQLDriver 44 - Connecting to database .... 
 04 Dec 2017 06:14:12,934  INFO [AWT-EventQueue-0] - SQLDriver 48 - Connection is successful
 04 Dec 2017 06:14:12,938  INFO [AWT-EventQueue-0] - SQLConnection 35 - Creating Statement ...
 04 Dec 2017 06:14:12,939  INFO [AWT-EventQueue-0] - SQLConnection 42 - Statement is created successfully
 04 Dec 2017 06:14:12,955  INFO [AWT-EventQueue-0] - SQLStatement 293 - Executing SQL Query .... 
 04 Dec 2017 06:14:12,961  INFO [AWT-EventQueue-0] - SQLStatement 333 - Create database mydb Executed successfully
 04 Dec 2017 06:14:27,884  INFO [AWT-EventQueue-0] - SQLStatement 293 - Executing SQL Query .... 
 04 Dec 2017 06:14:27,899  INFO [AWT-EventQueue-0] - SQLStatement 333 - Create table mytable (name varchar, age int) Executed successfully
 04 Dec 2017 06:14:40,094  INFO [AWT-EventQueue-0] - SQLStatement 123 - Executing Update query ...
 04 Dec 2017 06:14:40,099  INFO [AWT-EventQueue-0] - SQLStatement 144 - Table updated successfully
 04 Dec 2017 06:14:48,229  INFO [AWT-EventQueue-0] - SQLStatement 67 - Executing query ...
 04 Dec 2017 06:14:48,233  INFO [AWT-EventQueue-0] - SQLStatement 85 - Select is successful
 04 Dec 2017 06:15:29,264  INFO [AWT-EventQueue-0] - SQLDriver 44 - Connecting to database .... 
 04 Dec 2017 06:15:29,270  INFO [AWT-EventQueue-0] - SQLDriver 48 - Connection is successful
 04 Dec 2017 06:15:29,274  INFO [AWT-EventQueue-0] - SQLConnection 35 - Creating Statement ...
 04 Dec 2017 06:15:29,275  INFO [AWT-EventQueue-0] - SQLConnection 42 - Statement is created successfully
 04 Dec 2017 06:15:29,290  INFO [AWT-EventQueue-0] - SQLStatement 293 - Executing SQL Query .... 
 04 Dec 2017 06:15:29,296  INFO [AWT-EventQueue-0] - SQLStatement 333 - Create database mydb Executed successfully
 04 Dec 2017 06:15:44,081  INFO [AWT-EventQueue-0] - SQLStatement 293 - Executing SQL Query .... 
 04 Dec 2017 06:15:44,097  INFO [AWT-EventQueue-0] - SQLStatement 333 - create table mytable (name varchar, age int) Executed successfully
 04 Dec 2017 06:15:56,283  INFO [AWT-EventQueue-0] - SQLStatement 123 - Executing Update query ...
 04 Dec 2017 06:15:56,288  INFO [AWT-EventQueue-0] - SQLStatement 144 - Table updated successfully
 04 Dec 2017 06:16:04,602  INFO [AWT-EventQueue-0] - SQLStatement 67 - Executing query ...
 04 Dec 2017 06:16:04,607  INFO [AWT-EventQueue-0] - SQLStatement 85 - Select is successful
 04 Dec 2017 06:16:42,851  INFO [AWT-EventQueue-0] - SQLDriver 44 - Connecting to database .... 
 04 Dec 2017 06:16:42,857  INFO [AWT-EventQueue-0] - SQLDriver 48 - Connection is successful
 04 Dec 2017 06:16:42,861  INFO [AWT-EventQueue-0] - SQLConnection 35 - Creating Statement ...
 04 Dec 2017 06:16:42,862  INFO [AWT-EventQueue-0] - SQLConnection 42 - Statement is created successfully
 04 Dec 2017 06:16:42,877  INFO [AWT-EventQueue-0] - SQLStatement 293 - Executing SQL Query .... 
 04 Dec 2017 06:16:42,883  INFO [AWT-EventQueue-0] - SQLStatement 333 - Create database mydb Executed successfully
 04 Dec 2017 06:17:01,359  INFO [AWT-EventQueue-0] - SQLStatement 293 - Executing SQL Query .... 
 04 Dec 2017 06:17:01,375  INFO [AWT-EventQueue-0] - SQLStatement 333 - Create table mytable (name varchar, age int) Executed successfully
 04 Dec 2017 06:17:16,979  INFO [AWT-EventQueue-0] - SQLStatement 123 - Executing Update query ...
 04 Dec 2017 06:17:16,984  INFO [AWT-EventQueue-0] - SQLStatement 144 - Table updated successfully
 04 Dec 2017 06:17:29,563  INFO [AWT-EventQueue-0] - SQLStatement 123 - Executing Update query ...
 04 Dec 2017 06:17:29,573  INFO [AWT-EventQueue-0] - SQLStatement 144 - Table updated successfully
 04 Dec 2017 06:17:49,492  INFO [AWT-EventQueue-0] - SQLStatement 123 - Executing Update query ...
 04 Dec 2017 06:17:49,496  INFO [AWT-EventQueue-0] - SQLStatement 144 - Table updated successfully
 04 Dec 2017 06:18:04,471  INFO [AWT-EventQueue-0] - SQLStatement 67 - Executing query ...
 04 Dec 2017 06:18:04,475  INFO [AWT-EventQueue-0] - SQLStatement 85 - Select is successful
 04 Dec 2017 06:18:55,113  INFO [AWT-EventQueue-0] - SQLStatement 67 - Executing query ...
 04 Dec 2017 06:18:55,115  INFO [AWT-EventQueue-0] - SQLStatement 85 - Select is successful
 04 Dec 2017 06:22:38,622  INFO [AWT-EventQueue-0] - SQLDriver 44 - Connecting to database .... 
 04 Dec 2017 06:22:38,629  INFO [AWT-EventQueue-0] - SQLDriver 48 - Connection is successful
 04 Dec 2017 06:22:38,633  INFO [AWT-EventQueue-0] - SQLConnection 35 - Creating Statement ...
 04 Dec 2017 06:22:38,634  INFO [AWT-EventQueue-0] - SQLConnection 42 - Statement is created successfully
 04 Dec 2017 06:22:38,672  INFO [AWT-EventQueue-0] - SQLStatement 293 - Executing SQL Query .... 
 04 Dec 2017 06:22:38,678  INFO [AWT-EventQueue-0] - SQLStatement 333 - Create database mydb Executed successfully
 04 Dec 2017 06:23:02,464  INFO [AWT-EventQueue-0] - SQLStatement 293 - Executing SQL Query .... 
 04 Dec 2017 06:23:02,481  INFO [AWT-EventQueue-0] - SQLStatement 333 - create table mytabe (name varchar, age int) Executed successfully
 04 Dec 2017 06:23:15,305  INFO [AWT-EventQueue-0] - SQLStatement 123 - Executing Update query ...
 04 Dec 2017 06:23:15,309 ERROR [AWT-EventQueue-0] - SQLStatement 141 - Failed to execute : Table does not exist 
insert into mytable values(alaa, 22)
 04 Dec 2017 06:23:45,052  INFO [AWT-EventQueue-0] - SQLStatement 123 - Executing Update query ...
 04 Dec 2017 06:23:45,056  INFO [AWT-EventQueue-0] - SQLStatement 144 - Table updated successfully
 04 Dec 2017 06:23:58,919  INFO [AWT-EventQueue-0] - SQLStatement 123 - Executing Update query ...
 04 Dec 2017 06:23:58,922  INFO [AWT-EventQueue-0] - SQLStatement 144 - Table updated successfully
 04 Dec 2017 06:24:18,042  INFO [AWT-EventQueue-0] - SQLStatement 123 - Executing Update query ...
 04 Dec 2017 06:24:18,045  INFO [AWT-EventQueue-0] - SQLStatement 144 - Table updated successfully
 04 Dec 2017 06:24:27,135  INFO [AWT-EventQueue-0] - SQLStatement 67 - Executing query ...
 04 Dec 2017 06:24:27,140  INFO [AWT-EventQueue-0] - SQLStatement 85 - Select is successful
 04 Dec 2017 06:24:59,922  INFO [AWT-EventQueue-0] - SQLStatement 67 - Executing query ...
 04 Dec 2017 06:24:59,924  INFO [AWT-EventQueue-0] - SQLStatement 85 - Select is successful
 04 Dec 2017 06:33:08,745  INFO [AWT-EventQueue-0] - SQLDriver 44 - Connecting to database .... 
 04 Dec 2017 06:33:08,755  INFO [AWT-EventQueue-0] - SQLDriver 48 - Connection is successful
 04 Dec 2017 06:33:08,755  INFO [AWT-EventQueue-0] - SQLConnection 35 - Creating Statement ...
 04 Dec 2017 06:33:08,755  INFO [AWT-EventQueue-0] - SQLConnection 42 - Statement is created successfully
 04 Dec 2017 06:33:08,775  INFO [AWT-EventQueue-0] - SQLStatement 293 - Executing SQL Query .... 
 04 Dec 2017 06:33:08,785  INFO [AWT-EventQueue-0] - SQLStatement 333 - Create database mydb Executed successfully
 04 Dec 2017 06:33:37,876  INFO [AWT-EventQueue-0] - SQLStatement 293 - Executing SQL Query .... 
 04 Dec 2017 06:33:37,886  INFO [AWT-EventQueue-0] - SQLStatement 333 - Create table m (name varchar, age int, year int) Executed successfully
 04 Dec 2017 06:33:56,950  INFO [AWT-EventQueue-0] - SQLStatement 123 - Executing Update query ...
 04 Dec 2017 06:33:56,950  INFO [AWT-EventQueue-0] - SQLStatement 144 - Table updated successfully
 04 Dec 2017 06:34:26,792  INFO [AWT-EventQueue-0] - SQLStatement 123 - Executing Update query ...
 04 Dec 2017 06:34:26,802  INFO [AWT-EventQueue-0] - SQLStatement 144 - Table updated successfully
 04 Dec 2017 06:34:38,494  INFO [AWT-EventQueue-0] - SQLStatement 67 - Executing query ...
 04 Dec 2017 06:34:38,494  INFO [AWT-EventQueue-0] - SQLStatement 85 - Select is successful
 04 Dec 2017 06:34:55,225  INFO [AWT-EventQueue-0] - SQLStatement 67 - Executing query ...
 04 Dec 2017 06:34:55,227  INFO [AWT-EventQueue-0] - SQLStatement 85 - Select is successful
 04 Dec 2017 06:35:05,484  INFO [AWT-EventQueue-0] - SQLStatement 67 - Executing query ...
 04 Dec 2017 06:35:05,486  INFO [AWT-EventQueue-0] - SQLStatement 85 - Select is successful
 04 Dec 2017 06:35:36,405  INFO [AWT-EventQueue-0] - SQLStatement 67 - Executing query ...
 04 Dec 2017 06:35:36,407  INFO [AWT-EventQueue-0] - SQLStatement 85 - Select is successful
 04 Dec 2017 06:51:51,375  INFO [AWT-EventQueue-0] - SQLDriver 44 - Connecting to database .... 
 04 Dec 2017 06:51:51,423  INFO [AWT-EventQueue-0] - SQLDriver 48 - Connection is successful
 04 Dec 2017 06:51:51,429  INFO [AWT-EventQueue-0] - SQLConnection 35 - Creating Statement ...
 04 Dec 2017 06:51:51,430  INFO [AWT-EventQueue-0] - SQLConnection 42 - Statement is created successfully
 04 Dec 2017 06:51:51,514  INFO [AWT-EventQueue-0] - SQLStatement 293 - Executing SQL Query .... 
 04 Dec 2017 06:51:51,521  INFO [AWT-EventQueue-0] - SQLStatement 333 - Create database mydb Executed successfully
 04 Dec 2017 06:52:09,455  INFO [AWT-EventQueue-0] - SQLStatement 293 - Executing SQL Query .... 
 04 Dec 2017 06:52:09,675  INFO [AWT-EventQueue-0] - SQLStatement 333 - create table t (name varchar, age int, year int) Executed successfully
 04 Dec 2017 06:52:21,335  INFO [AWT-EventQueue-0] - SQLStatement 123 - Executing Update query ...
 04 Dec 2017 06:52:21,355  INFO [AWT-EventQueue-0] - SQLStatement 144 - Table updated successfully
 04 Dec 2017 06:52:42,752  INFO [AWT-EventQueue-0] - SQLStatement 123 - Executing Update query ...
 04 Dec 2017 06:52:42,782  INFO [AWT-EventQueue-0] - SQLStatement 144 - Table updated successfully
 04 Dec 2017 06:52:54,814  INFO [AWT-EventQueue-0] - SQLStatement 123 - Executing Update query ...
 04 Dec 2017 06:52:54,904 ERROR [AWT-EventQueue-0] - SQLStatement 141 - Failed to execute : SQL Syntax Error 
insert into t values (bassam, 21. 2)
 04 Dec 2017 06:53:19,031  INFO [AWT-EventQueue-0] - SQLStatement 123 - Executing Update query ...
 04 Dec 2017 06:53:19,051  INFO [AWT-EventQueue-0] - SQLStatement 144 - Table updated successfully
 04 Dec 2017 06:53:25,531  INFO [AWT-EventQueue-0] - SQLStatement 67 - Executing query ...
 04 Dec 2017 06:53:25,531  INFO [AWT-EventQueue-0] - SQLStatement 85 - Select is successful
 04 Dec 2017 07:04:03,097  INFO [AWT-EventQueue-0] - SQLDriver 44 - Connecting to database .... 
 04 Dec 2017 07:04:03,147  INFO [AWT-EventQueue-0] - SQLDriver 48 - Connection is successful
 04 Dec 2017 07:04:03,178  INFO [AWT-EventQueue-0] - SQLConnection 35 - Creating Statement ...
 04 Dec 2017 07:04:03,179  INFO [AWT-EventQueue-0] - SQLConnection 42 - Statement is created successfully
 04 Dec 2017 07:04:03,311  INFO [AWT-EventQueue-0] - SQLStatement 293 - Executing SQL Query .... 
 04 Dec 2017 07:04:03,373  INFO [AWT-EventQueue-0] - SQLStatement 333 - Create database mydb Executed successfully
 04 Dec 2017 07:04:27,122  INFO [AWT-EventQueue-0] - SQLStatement 293 - Executing SQL Query .... 
 04 Dec 2017 07:04:27,270  INFO [AWT-EventQueue-0] - SQLStatement 333 - create table a (name varchar, age int, year int) Executed successfully
 04 Dec 2017 07:04:41,480  INFO [AWT-EventQueue-0] - SQLStatement 123 - Executing Update query ...
 04 Dec 2017 07:04:41,493  INFO [AWT-EventQueue-0] - SQLStatement 144 - Table updated successfully
 04 Dec 2017 07:04:48,851  INFO [AWT-EventQueue-0] - SQLStatement 123 - Executing Update query ...
 04 Dec 2017 07:04:48,854  INFO [AWT-EventQueue-0] - SQLStatement 144 - Table updated successfully
 04 Dec 2017 07:05:00,543  INFO [AWT-EventQueue-0] - SQLStatement 123 - Executing Update query ...
 04 Dec 2017 07:05:00,546  INFO [AWT-EventQueue-0] - SQLStatement 144 - Table updated successfully
 04 Dec 2017 07:05:06,763  INFO [AWT-EventQueue-0] - SQLStatement 67 - Executing query ...
 04 Dec 2017 07:05:06,790  INFO [AWT-EventQueue-0] - SQLStatement 85 - Select is successful
 